This file contains any messages produced by compilers while
running configure, to aid debugging if configure makes a mistake.

It was created by configure, which was
generated by GNU Autoconf 2.59.  Invocation command line was

  $ /c/Users/mapoart/.nexss/cache/downloads/tcl8610-src/tcl8.6.10/win/configure --prefix=/c/Users/mapoart/.nexss/packages/install/Configure/ --enable-threads

## --------- ##
## Platform. ##
## --------- ##

hostname = DESKTOP-4FC3P40
uname -m = x86_64
uname -r = 3.0.7-338.x86_64
uname -s = MINGW64_NT-10.0-18362
uname -v = 2019-07-11 10:58 UTC

/usr/bin/uname -p = unknown
/bin/uname -X     = unknown

/bin/arch              = x86_64
/usr/bin/arch -k       = unknown
/usr/convex/getsysinfo = unknown
hostinfo               = unknown
/bin/machine           = unknown
/usr/bin/oslevel       = unknown
/bin/universe          = unknown

PATH: /mingw64/bin
PATH: /usr/local/bin
PATH: /usr/bin
PATH: /bin
PATH: /c/Program Files (x86)/Common Files/Intel/Shared Libraries/redist/ia32/compiler
PATH: /c/Program Files (x86)/Common Files/Intel/Shared Files/cpp/Intel64
PATH: /c/Program Files (x86)/Common Files/Intel/Shared Files/cpp/ia32
PATH: /c/Program Files (x86)/Common Files/Intel/Shared Libraries/redist/intel64/compiler
PATH: /c/Program Files (x86)/Common Files/Oracle/Java/javapath
PATH: /c/Windows/system32
PATH: /c/Windows
PATH: /c/Windows/System32/Wbem
PATH: /c/Windows/System32/WindowsPowerShell/v1.0
PATH: /c/Windows/System32/OpenSSH
PATH: /c/Program Files (x86)/NVIDIA Corporation/PhysX/Common
PATH: /c/WINDOWS/system32
PATH: /c/WINDOWS
PATH: /c/WINDOWS/System32/Wbem
PATH: /c/WINDOWS/System32/WindowsPowerShell/v1.0
PATH: /c/WINDOWS/System32/OpenSSH
PATH: /d/programy
PATH: /c/ProgramData/ComposerSetupC
PATH: /Program Files/CMakeC
PATH: /Program Files/NVIDIA Corporation/NVIDIA NvDLISR
PATH: /c/Program Files (x86)/Brackets/command
PATH: /c/Program Files/dotnet
PATH: /c/tools/lxrunoffline
PATH: /d/programy/nasm
PATH: /c/Users/mapoart/AppData/Local/Android/Sdk/platform-tools
PATH: /c/Program Files (x86)/Intel/Intel(R) Management Engine Components/DAL
PATH: /c/Program Files/Intel/Intel(R) Management Engine Components/DAL
PATH: /d/Programy/nwjs
PATH: /c/Program Files (x86)/LeanPro/CukeTest
PATH: /c/WINDOWS/system32
PATH: /c/WINDOWS
PATH: /c/WINDOWS/System32/Wbem
PATH: /c/WINDOWS/System32/WindowsPowerShell/v1.0
PATH: /c/WINDOWS/System32/OpenSSH
PATH: /c/Program Files/PowerShell/6
PATH: /c/Program Files/Git/cmd
PATH: /c/Users/mapoart/.nexssApps/dmd.2.090.0.windows/dmd2/windows/bin
PATH: /c/Users/mapoart/scoop/apps/perl/current/c/bin
PATH: /c/Users/mapoart/scoop/apps/perl/current/perl/bin
PATH: /c/Users/mapoart/scoop/apps/perl/current/perl/site/bin
PATH: /c/Program Files
PATH: /c/Program Files (x86)/Brackets/command
PATH: /c/Program Files (x86)/Common Files/Intel/Shared Files/cpp/ia32
PATH: /c/Program Files (x86)/Common Files/Intel/Shared Files/cpp/Intel64
PATH: /c/Program Files (x86)/Common Files/Intel/Shared Libraries/redist/ia32/compiler
PATH: /c/Program Files (x86)/Common Files/Intel/Shared Libraries/redist/intel64/compiler
PATH: /c/Program Files (x86)/Common Files/Oracle/Java/javapath
PATH: /c/Program Files (x86)/Intel/Intel(R) Management Engine Components/DAL
PATH: /c/Program Files (x86)/LeanPro/CukeTest
PATH: /c/Program Files (x86)/NVIDIA Corporation/PhysX/Common
PATH: /c/Program Files/CMakeC
PATH: /Program Files/dotnet
PATH: /c/Program Files/Git/cmd
PATH: /c/Program Files/ImageMagick-7.0.8-Q16
PATH: /c/Program Files/Intel/Intel(R) Management Engine Components/DAL
PATH: /c/Program Files/NVIDIA Corporation/NVIDIA NvDLISR
PATH: /c/Program Files/NVIDIA GPU Computing Toolkit/CUDA/v10.0C
PATH: /Program Files/NVIDIA GPU Computing Toolkit/CUDA/v10.0/libnvvp
PATH: /c/Program Files/PowerShell/6
PATH: /c/ProgramData/chocolateyC
PATH: /ProgramData/ComposerSetupC
PATH: /tools/lxrunoffline
PATH: /c/Users/mapoart/.nexssApps/vcpkg
PATH: /c/Users/mapoart/.nexssCli/bin/
PATH: /c/Users/mapoart/AppData/Local/Android/Sdk/platform-tools
PATH: /c/Users/mapoart/AppData/Local/Apps/Tcl86
PATH: /c/Users/mapoart/scoop/apps/gcc/current/bin
PATH: /c/Users/mapoart/scoop/apps/nodejs-lts/current
PATH: /c/Users/mapoart/scoop/apps/nodejs-lts/current/bin
PATH: /c/Users/mapoart/scoop/shims
PATH: /c/WINDOWS
PATH: /c/WINDOWS/system32
PATH: /c/WINDOWS/System32/OpenSSH
PATH: /c/Windows/System32/Wbem
PATH: /c/WINDOWS/System32/WindowsPowerShell/v1.0
PATH: /d/programy
PATH: /d/programy/nasm
PATH: /d/Programy/nwjs


## ----------- ##
## Core tests. ##
## ----------- ##

configure:1206: loading site script /mingw64/etc/config.site
| # This file is in public domain.
| # Original author: Karlson2k (Evgeny Grin)
| # Written for MSys2/MinGW64 to help running 'configure' scripts
| 
| # Defaults for MinGW64-targeted programs
| 
| # Set proper selfname on bash and fallback to default name on other shells
| test -n "${BASH_SOURCE}" 2>/dev/null && config_site_me="${BASH_SOURCE[0]##*/}" || config_site_me=config.site
| 
| # Set default 'host' to speedup configure
| if test -z "$build_alias"; then
|   build_alias="${MSYSTEM_CHOST-x86_64-w64-mingw32}" && \
|     ${as_echo-echo} "$config_site_me:${as_lineno-$LINENO}: default build_alias set to $build_alias" >&5
| fi
| 
| # Set default 'prefix' to "/mingw64"
| if ( test -z "$prefix" || test "x$prefix" = "xNONE" ) && \
|    ( test -z "$exec_prefix" || test "x$exec_prefix" = "xNONE" ); then
|   prefix="${MSYSTEM_PREFIX-/mingw64}" && \
|     ${as_echo-echo} "$config_site_me:${as_lineno-$LINENO}: default prefix set to $prefix" >&5
| fi
config.site:13: default build_alias set to x86_64-w64-mingw32
configure:1404: checking for gcc
configure:1420: found /mingw64/bin/gcc
configure:1430: result: gcc
configure:1674: checking for C compiler version
configure:1677: gcc --version </dev/null >&5
gcc.exe (Rev2, Built by MSYS2 project) 9.2.0
Copyright (C) 2019 Free Software Foundation, Inc.
This is free software; see the source for copying conditions.  There is NO
warranty; not even for MERCHANTABILITY or FITNESS FOR A PARTICULAR PURPOSE.

configure:1680: $? = 0
configure:1682: gcc -v </dev/null >&5
Using built-in specs.
COLLECT_GCC=C:\Users\mapoart\scoop\apps\msys2\current\mingw64\bin\gcc.exe
COLLECT_LTO_WRAPPER=C:/Users/mapoart/scoop/apps/msys2/current/mingw64/bin/../lib/gcc/x86_64-w64-mingw32/9.2.0/lto-wrapper.exe
Target: x86_64-w64-mingw32
Configured with: ../gcc-9.2.0/configure --prefix=/mingw64 --with-local-prefix=/mingw64/local --build=x86_64-w64-mingw32 --host=x86_64-w64-mingw32 --target=x86_64-w64-mingw32 --with-native-system-header-dir=/mingw64/x86_64-w64-mingw32/include --libexecdir=/mingw64/lib --enable-bootstrap --with-arch=x86-64 --with-tune=generic --enable-languages=c,lto,c++,fortran,ada,objc,obj-c++ --enable-shared --enable-static --enable-libatomic --enable-threads=posix --enable-graphite --enable-fully-dynamic-string --enable-libstdcxx-filesystem-ts=yes --enable-libstdcxx-time=yes --disable-libstdcxx-pch --disable-libstdcxx-debug --disable-isl-version-check --enable-lto --enable-libgomp --disable-multilib --enable-checking=release --disable-rpath --disable-win32-registry --disable-nls --disable-werror --disable-symvers --enable-plugin --with-libiconv --with-system-zlib --with-gmp=/mingw64 --with-mpfr=/mingw64 --with-mpc=/mingw64 --with-isl=/mingw64 --with-pkgversion='Rev2, Built by MSYS2 project' --with-bugurl=https://sourceforge.net/projects/msys2 --with-gnu-as --with-gnu-ld
Thread model: posix
gcc version 9.2.0 (Rev2, Built by MSYS2 project) 
configure:1685: $? = 0
configure:1687: gcc -V </dev/null >&5
gcc.exe: error: unrecognized command line option '-V'
gcc.exe: fatal error: no input files
compilation terminated.
configure:1690: $? = 1
configure:1713: checking for C compiler default output file name
configure:1716: gcc    conftest.c  >&5
configure:1719: $? = 0
configure:1765: result: a.exe
configure:1770: checking whether the C compiler works
configure:1776: ./a.exe
configure:1779: $? = 0
configure:1796: result: yes
configure:1803: checking whether we are cross compiling
configure:1805: result: no
configure:1808: checking for suffix of executables
configure:1810: gcc -o conftest.exe    conftest.c  >&5
configure:1813: $? = 0
configure:1838: result: .exe

## ---------------- ##
## Cache variables. ##
## ---------------- ##

ac_cv_env_CC_set=
ac_cv_env_CC_value=
ac_cv_env_CFLAGS_set=
ac_cv_env_CFLAGS_value=
ac_cv_env_CPPFLAGS_set=
ac_cv_env_CPPFLAGS_value=
ac_cv_env_CPP_set=
ac_cv_env_CPP_value=
ac_cv_env_LDFLAGS_set=
ac_cv_env_LDFLAGS_value=
ac_cv_env_build_alias_set=
ac_cv_env_build_alias_value=
ac_cv_env_host_alias_set=
ac_cv_env_host_alias_value=
ac_cv_env_target_alias_set=
ac_cv_env_target_alias_value=
ac_cv_exeext=.exe
ac_cv_prog_ac_ct_CC=gcc

## ----------------- ##
## Output variables. ##
## ----------------- ##

AR=''
CC='gcc'
CC_EXENAME=''
CC_OBJNAME=''
CELIB_DIR=''
CFG_TCL_EXPORT_FILE_SUFFIX=''
CFG_TCL_SHARED_LIB_SUFFIX=''
CFG_TCL_UNSHARED_LIB_SUFFIX=''
CFLAGS=''
CFLAGS_DEBUG=''
CFLAGS_DEFAULT=''
CFLAGS_OPTIMIZE=''
CFLAGS_WARNING=''
CPP=''
CPPFLAGS=''
CYGPATH=''
DEFS=''
DEPARG=''
DLLSUFFIX=''
DL_LIBS=''
ECHO_C=''
ECHO_N='-n'
ECHO_T=''
EGREP=''
EXEEXT=''
EXESUFFIX=''
EXTRA_CFLAGS=''
LDFLAGS=''
LDFLAGS_CONSOLE=''
LDFLAGS_DEBUG=''
LDFLAGS_DEFAULT=''
LDFLAGS_OPTIMIZE=''
LDFLAGS_WINDOW=''
LIBOBJS=''
LIBPREFIX=''
LIBRARIES=''
LIBS=''
LIBSUFFIX=''
LIBS_GUI=''
LTLIBOBJS=''
MACHINE=''
MAKE_DLL=''
MAKE_EXE=''
MAKE_LIB=''
MAKE_STUB_LIB=''
OBJEXT=''
PACKAGE_BUGREPORT=''
PACKAGE_NAME=''
PACKAGE_STRING=''
PACKAGE_TARNAME=''
PACKAGE_VERSION=''
PATH_SEPARATOR=':'
PKG_CFG_ARGS='--prefix=/c/Users/mapoart/.nexss/packages/install/Configure/ --enable-threads'
POST_MAKE_LIB=''
RANLIB=''
RC=''
RC_DEFINE=''
RC_DEFINES=''
RC_INCLUDE=''
RC_OUT=''
RC_TYPE=''
RES=''
SET_MAKE=''
SHELL='/bin/sh'
SHLIB_CFLAGS=''
SHLIB_LD=''
SHLIB_LD_LIBS=''
SHLIB_SUFFIX=''
STLIB_LD=''
TCL_BIN_DIR=''
TCL_BUILD_EXP_FILE=''
TCL_BUILD_LIB_SPEC=''
TCL_BUILD_STUB_LIB_PATH=''
TCL_BUILD_STUB_LIB_SPEC=''
TCL_CC_SEARCH_FLAGS=''
TCL_DBGX=''
TCL_DDE_MAJOR_VERSION='1'
TCL_DDE_MINOR_VERSION='4'
TCL_DDE_VERSION='1.4'
TCL_DLL_FILE=''
TCL_EXE=''
TCL_EXP_FILE=''
TCL_IMPORT_LIB_FILE=''
TCL_IMPORT_LIB_FLAG=''
TCL_INCLUDE_SPEC=''
TCL_LD_SEARCH_FLAGS=''
TCL_LIB_FILE=''
TCL_LIB_FLAG=''
TCL_LIB_SPEC=''
TCL_LIB_VERSIONS_OK=''
TCL_MAJOR_VERSION='8'
TCL_MINOR_VERSION='6'
TCL_NEEDS_EXP_FILE=''
TCL_PACKAGE_PATH=''
TCL_PATCH_LEVEL='.10'
TCL_REG_MAJOR_VERSION='1'
TCL_REG_MINOR_VERSION='3'
TCL_REG_VERSION='1.3'
TCL_SHARED_BUILD=''
TCL_SRC_DIR=''
TCL_STATIC_LIB_FILE=''
TCL_STATIC_LIB_FLAG=''
TCL_STUB_LIB_FILE=''
TCL_STUB_LIB_FLAG=''
TCL_STUB_LIB_PATH=''
TCL_STUB_LIB_SPEC=''
TCL_THREADS=''
TCL_VERSION='8.6'
TCL_WIN_VERSION=''
VC_MANIFEST_EMBED_DLL=''
VC_MANIFEST_EMBED_EXE=''
ZLIB_DLL_FILE=''
ZLIB_LIBS=''
ZLIB_OBJS=''
ac_ct_AR=''
ac_ct_CC='gcc'
ac_ct_RANLIB=''
ac_ct_RC=''
bindir='${exec_prefix}/bin'
build_alias='x86_64-w64-mingw32'
datadir='${prefix}/share'
exec_prefix='/c/Users/mapoart/.nexss/packages/install/Configure/'
host_alias=''
includedir='${prefix}/include'
infodir='${prefix}/info'
libdir='/c/Users/mapoart/.nexss/packages/install/Configure//lib'
libexecdir='${exec_prefix}/libexec'
localstatedir='${prefix}/var'
mandir='${prefix}/man'
oldincludedir='/usr/include'
prefix='/c/Users/mapoart/.nexss/packages/install/Configure/'
program_transform_name='s,x,x,'
sbindir='${exec_prefix}/sbin'
sharedstatedir='${prefix}/com'
sysconfdir='${prefix}/etc'
target_alias=''

## ----------- ##
## confdefs.h. ##
## ----------- ##

#define PACKAGE_BUGREPORT ""
#define PACKAGE_NAME ""
#define PACKAGE_STRING ""
#define PACKAGE_TARNAME ""
#define PACKAGE_VERSION ""

configure: caught signal 13
configure: exit 1
